<?xml version="1.0" encoding="UTF-8"?>
<testsuite name="com.jojoldu.book.springboot.web.IndexControllerTest" tests="1" skipped="0" failures="0" errors="0" timestamp="2022-11-03T12:28:51" hostname="Yaliny" time="0.213">
  <properties/>
  <testcase name="메인페이지_로딩" classname="com.jojoldu.book.springboot.web.IndexControllerTest" time="0.213"/>
  <system-out><![CDATA[2022-11-03 21:28:49.307  INFO 12728 --- [    Test worker] .b.t.c.SpringBootTestContextBootstrapper : Neither @ContextConfiguration nor @ContextHierarchy found for test class [com.jojoldu.book.springboot.web.IndexControllerTest], using SpringBootContextLoader
2022-11-03 21:28:49.307  INFO 12728 --- [    Test worker] o.s.t.c.support.AbstractContextLoader    : Could not detect default resource locations for test class [com.jojoldu.book.springboot.web.IndexControllerTest]: no resource found for suffixes {-context.xml, Context.groovy}.
2022-11-03 21:28:49.307  INFO 12728 --- [    Test worker] t.c.s.AnnotationConfigContextLoaderUtils : Could not detect default configuration classes for test class [com.jojoldu.book.springboot.web.IndexControllerTest]: IndexControllerTest does not declare any static, non-private, non-final, nested classes annotated with @Configuration.
2022-11-03 21:28:49.309  INFO 12728 --- [    Test worker] .b.t.c.SpringBootTestContextBootstrapper : Found @SpringBootConfiguration com.jojoldu.book.springboot.Application for test class com.jojoldu.book.springboot.web.IndexControllerTest
2022-11-03 21:28:49.310  INFO 12728 --- [    Test worker] .b.t.c.SpringBootTestContextBootstrapper : Loaded default TestExecutionListener class names from location [META-INF/spring.factories]: [org.springframework.security.test.context.support.WithSecurityContextTestExecutionListener, org.springframework.security.test.context.support.ReactorContextTestExecutionListener, org.springframework.boot.test.autoconfigure.restdocs.RestDocsTestExecutionListener, org.springframework.boot.test.autoconfigure.web.client.MockRestServiceServerResetTestExecutionListener, org.springframework.boot.test.autoconfigure.web.servlet.MockMvcPrintOnlyOnFailureTestExecutionListener, org.springframework.boot.test.autoconfigure.web.servlet.WebDriverTestExecutionListener, org.springframework.boot.test.mock.mockito.MockitoTestExecutionListener, org.springframework.boot.test.mock.mockito.ResetMocksTestExecutionListener, org.springframework.test.context.web.ServletTestExecutionListener, org.springframework.test.context.support.DirtiesContextBeforeModesTestExecutionListener, org.springframework.test.context.support.DependencyInjectionTestExecutionListener, org.springframework.test.context.support.DirtiesContextTestExecutionListener, org.springframework.test.context.transaction.TransactionalTestExecutionListener, org.springframework.test.context.jdbc.SqlScriptsTestExecutionListener]
2022-11-03 21:28:49.310  INFO 12728 --- [    Test worker] .b.t.c.SpringBootTestContextBootstrapper : Using TestExecutionListeners: [org.springframework.test.context.web.ServletTestExecutionListener@4d4cdb2, org.springframework.test.context.support.DirtiesContextBeforeModesTestExecutionListener@1f7eabf8, org.springframework.boot.test.mock.mockito.MockitoTestExecutionListener@4f23dfef, org.springframework.boot.test.autoconfigure.SpringBootDependencyInjectionTestExecutionListener@587fab7e, org.springframework.test.context.support.DirtiesContextTestExecutionListener@7a64449e, org.springframework.test.context.transaction.TransactionalTestExecutionListener@10af1141, org.springframework.test.context.jdbc.SqlScriptsTestExecutionListener@41a2681c, org.springframework.security.test.context.support.WithSecurityContextTestExecutionListener@64230f0d, org.springframework.security.test.context.support.ReactorContextTestExecutionListener@3cbbf7a3, org.springframework.boot.test.autoconfigure.restdocs.RestDocsTestExecutionListener@54f6dc6c, org.springframework.boot.test.autoconfigure.web.client.MockRestServiceServerResetTestExecutionListener@6c6ac66, org.springframework.boot.test.autoconfigure.web.servlet.MockMvcPrintOnlyOnFailureTestExecutionListener@7ae190d4, org.springframework.boot.test.autoconfigure.web.servlet.WebDriverTestExecutionListener@198476c4, org.springframework.boot.test.mock.mockito.ResetMocksTestExecutionListener@7bf3dc24]

  .   ____          _            __ _ _
 /\\ / ___'_ __ _ _(_)_ __  __ _ \ \ \ \
( ( )\___ | '_ | '_| | '_ \/ _` | \ \ \ \
 \\/  ___)| |_)| | | | | || (_| |  ) ) ) )
  '  |____| .__|_| |_|_| |_\__, | / / / /
 =========|_|==============|___/=/_/_/_/
 :: Spring Boot ::        (v2.1.7.RELEASE)

2022-11-03 21:28:49.346  INFO 12728 --- [    Test worker] c.j.b.s.web.IndexControllerTest          : Starting IndexControllerTest on Yaliny with PID 12728 (started by Yaliny in E:\Yaliny\study\springboot-aws-practice)
2022-11-03 21:28:49.346  INFO 12728 --- [    Test worker] c.j.b.s.web.IndexControllerTest          : No active profile set, falling back to default profiles: default
2022-11-03 21:28:49.503  INFO 12728 --- [    Test worker] .s.d.r.c.RepositoryConfigurationDelegate : Bootstrapping Spring Data repositories in DEFAULT mode.
2022-11-03 21:28:49.520  INFO 12728 --- [    Test worker] .s.d.r.c.RepositoryConfigurationDelegate : Finished Spring Data repository scanning in 17ms. Found 2 repository interfaces.
2022-11-03 21:28:49.589  INFO 12728 --- [    Test worker] trationDelegate$BeanPostProcessorChecker : Bean 'org.springframework.transaction.annotation.ProxyTransactionManagementConfiguration' of type [org.springframework.transaction.annotation.ProxyTransactionManagementConfiguration$$EnhancerBySpringCGLIB$$ad14baa0] is not eligible for getting processed by all BeanPostProcessors (for example: not eligible for auto-proxying)
2022-11-03 21:28:49.790  INFO 12728 --- [    Test worker] o.s.b.w.embedded.tomcat.TomcatWebServer  : Tomcat initialized with port(s): 0 (http)
2022-11-03 21:28:49.816  INFO 12728 --- [    Test worker] o.apache.catalina.core.StandardService   : Starting service [Tomcat]
2022-11-03 21:28:49.816  INFO 12728 --- [    Test worker] org.apache.catalina.core.StandardEngine  : Starting Servlet engine: [Apache Tomcat/9.0.22]
2022-11-03 21:28:49.974  INFO 12728 --- [    Test worker] o.a.c.c.C.[Tomcat].[localhost].[/]       : Initializing Spring embedded WebApplicationContext
2022-11-03 21:28:49.974  INFO 12728 --- [    Test worker] o.s.web.context.ContextLoader            : Root WebApplicationContext: initialization completed in 625 ms
2022-11-03 21:28:50.153  INFO 12728 --- [    Test worker] com.zaxxer.hikari.HikariDataSource       : HikariPool-2 - Starting...
2022-11-03 21:28:50.154  INFO 12728 --- [    Test worker] com.zaxxer.hikari.HikariDataSource       : HikariPool-2 - Start completed.
2022-11-03 21:28:50.180  INFO 12728 --- [    Test worker] o.hibernate.jpa.internal.util.LogHelper  : HHH000204: Processing PersistenceUnitInfo [
	name: default
	...]
2022-11-03 21:28:50.192  INFO 12728 --- [    Test worker] org.hibernate.dialect.Dialect            : HHH000400: Using dialect: org.hibernate.dialect.MySQL5InnoDBDialect
Hibernate: drop table if exists posts
Hibernate: drop table if exists user
Hibernate: create table posts (id bigint not null auto_increment, created_date datetime, modified_date datetime, author varchar(255), content TEXT not null, title varchar(500) not null, primary key (id)) engine=InnoDB
Hibernate: create table user (id bigint not null auto_increment, created_date datetime, modified_date datetime, email varchar(255) not null, name varchar(255) not null, picture varchar(255), role varchar(255) not null, primary key (id)) engine=InnoDB
2022-11-03 21:28:50.246  INFO 12728 --- [    Test worker] o.h.t.schema.internal.SchemaCreatorImpl  : HHH000476: Executing import script 'org.hibernate.tool.schema.internal.exec.ScriptSourceInputNonExistentImpl@6f87f59b'
2022-11-03 21:28:50.246  INFO 12728 --- [    Test worker] j.LocalContainerEntityManagerFactoryBean : Initialized JPA EntityManagerFactory for persistence unit 'default'
2022-11-03 21:28:50.555  INFO 12728 --- [    Test worker] o.h.h.i.QueryTranslatorFactoryInitiator  : HHH000397: Using ASTQueryTranslatorFactory
2022-11-03 21:28:50.693  INFO 12728 --- [    Test worker] o.s.s.web.DefaultSecurityFilterChain     : Creating filter chain: any request, [org.springframework.security.web.context.request.async.WebAsyncManagerIntegrationFilter@56d0aa00, org.springframework.security.web.context.SecurityContextPersistenceFilter@7e18e2a5, org.springframework.security.web.header.HeaderWriterFilter@26b5d3b1, org.springframework.security.web.authentication.logout.LogoutFilter@5beeb81e, org.springframework.security.oauth2.client.web.OAuth2AuthorizationRequestRedirectFilter@482beb8f, org.springframework.security.oauth2.client.web.OAuth2LoginAuthenticationFilter@26eec251, org.springframework.security.web.authentication.ui.DefaultLoginPageGeneratingFilter@625a733a, org.springframework.security.web.authentication.ui.DefaultLogoutPageGeneratingFilter@12b2b0c4, org.springframework.security.web.savedrequest.RequestCacheAwareFilter@738d3f89, org.springframework.security.web.servletapi.SecurityContextHolderAwareRequestFilter@7b2d4212, org.springframework.security.web.authentication.AnonymousAuthenticationFilter@5d2468e, org.springframework.security.web.session.SessionManagementFilter@4caaa88d, org.springframework.security.web.access.ExceptionTranslationFilter@668d62a5, org.springframework.security.web.access.intercept.FilterSecurityInterceptor@5b13f6a8]
2022-11-03 21:28:50.886  INFO 12728 --- [    Test worker] o.s.s.concurrent.ThreadPoolTaskExecutor  : Initializing ExecutorService 'applicationTaskExecutor'
2022-11-03 21:28:50.899  WARN 12728 --- [    Test worker] aWebConfiguration$JpaWebMvcConfiguration : spring.jpa.open-in-view is enabled by default. Therefore, database queries may be performed during view rendering. Explicitly configure spring.jpa.open-in-view to disable this warning
2022-11-03 21:28:50.929  INFO 12728 --- [    Test worker] o.s.b.a.w.s.WelcomePageHandlerMapping    : Adding welcome page template: index
2022-11-03 21:28:51.160  INFO 12728 --- [    Test worker] s.a.ScheduledAnnotationBeanPostProcessor : No TaskScheduler/ScheduledExecutorService bean found for scheduled processing
2022-11-03 21:28:51.179  INFO 12728 --- [    Test worker] o.s.b.w.embedded.tomcat.TomcatWebServer  : Tomcat started on port(s): 49802 (http) with context path ''
2022-11-03 21:28:51.180  INFO 12728 --- [    Test worker] c.j.b.s.web.IndexControllerTest          : Started IndexControllerTest in 1.868 seconds (JVM running for 9.735)
2022-11-03 21:28:51.286  INFO 12728 --- [o-auto-1-exec-1] o.a.c.c.C.[Tomcat].[localhost].[/]       : Initializing Spring DispatcherServlet 'dispatcherServlet'
2022-11-03 21:28:51.287  INFO 12728 --- [o-auto-1-exec-1] o.s.web.servlet.DispatcherServlet        : Initializing Servlet 'dispatcherServlet'
2022-11-03 21:28:51.307  INFO 12728 --- [o-auto-1-exec-1] o.s.web.servlet.DispatcherServlet        : Completed initialization in 20 ms
Hibernate: select posts0_.id as id1_0_, posts0_.created_date as created_2_0_, posts0_.modified_date as modified3_0_, posts0_.author as author4_0_, posts0_.content as content5_0_, posts0_.title as title6_0_ from posts posts0_ order by posts0_.id DESC
]]></system-out>
  <system-err><![CDATA[]]></system-err>
</testsuite>
